<?xml version="1.0" encoding="UTF-8"?>
<!-- Generated by org.testng.reporters.JUnitReportReporter -->
<testsuite hostname="inbasdpc08522" name="vrsm.TestCase" tests="3" failures="0" timestamp="23 Nov 2018 09:22:23 GMT" time="2.696" errors="0">
  <testcase name="testCase2" time="0.801" classname="vrsm.TestCase"/>
  <testcase name="testCase1" time="1.198" classname="vrsm.TestCase"/>
  <testcase name="testCase3" time="0.697" classname="vrsm.TestCase"/>
</testsuite> <!-- vrsm.TestCase -->
